                                 Started job on |	Jul 15 09:34:35
                             Started mapping on |	Jul 15 09:34:35
                                    Finished on |	Jul 15 09:50:32
       Mapping speed, Million of reads per hour |	2.51

                          Number of input reads |	667193
                      Average input read length |	198
                                    UNIQUE READS:
                   Uniquely mapped reads number |	47471
                        Uniquely mapped reads % |	7.12%
                          Average mapped length |	223.66
                       Number of splices: Total |	49817
            Number of splices: Annotated (sjdb) |	49817
                       Number of splices: GT/AG |	60
                       Number of splices: GC/AG |	3300
                       Number of splices: AT/AC |	619
               Number of splices: Non-canonical |	45838
                      Mismatch rate per base, % |	0.23%
                         Deletion rate per base |	0.44%
                        Deletion average length |	7.36
                        Insertion rate per base |	0.00%
                       Insertion average length |	3.33
                             MULTI-MAPPING READS:
        Number of reads mapped to multiple loci |	114
             % of reads mapped to multiple loci |	0.02%
        Number of reads mapped to too many loci |	0
             % of reads mapped to too many loci |	0.00%
                                  UNMAPPED READS:
  Number of reads unmapped: too many mismatches |	37163
       % of reads unmapped: too many mismatches |	5.57%
            Number of reads unmapped: too short |	5141
                 % of reads unmapped: too short |	0.77%
                Number of reads unmapped: other |	577304
                     % of reads unmapped: other |	86.53%
                                  CHIMERIC READS:
                       Number of chimeric reads |	0
                            % of chimeric reads |	0.00%
