                                 Started job on |	Jul 15 10:06:39
                             Started mapping on |	Jul 15 10:06:39
                                    Finished on |	Jul 15 10:08:34
       Mapping speed, Million of reads per hour |	5.99

                          Number of input reads |	191220
                      Average input read length |	204
                                    UNIQUE READS:
                   Uniquely mapped reads number |	73738
                        Uniquely mapped reads % |	38.56%
                          Average mapped length |	223.02
                       Number of splices: Total |	79759
            Number of splices: Annotated (sjdb) |	79759
                       Number of splices: GT/AG |	1791
                       Number of splices: GC/AG |	36
                       Number of splices: AT/AC |	3797
               Number of splices: Non-canonical |	74135
                      Mismatch rate per base, % |	0.31%
                         Deletion rate per base |	0.14%
                        Deletion average length |	9.32
                        Insertion rate per base |	0.03%
                       Insertion average length |	11.03
                             MULTI-MAPPING READS:
        Number of reads mapped to multiple loci |	328
             % of reads mapped to multiple loci |	0.17%
        Number of reads mapped to too many loci |	0
             % of reads mapped to too many loci |	0.00%
                                  UNMAPPED READS:
  Number of reads unmapped: too many mismatches |	65747
       % of reads unmapped: too many mismatches |	34.38%
            Number of reads unmapped: too short |	3585
                 % of reads unmapped: too short |	1.87%
                Number of reads unmapped: other |	47822
                     % of reads unmapped: other |	25.01%
                                  CHIMERIC READS:
                       Number of chimeric reads |	0
                            % of chimeric reads |	0.00%
