                                 Started job on |	Jul 15 10:04:30
                             Started mapping on |	Jul 15 10:04:30
                                    Finished on |	Jul 15 10:06:38
       Mapping speed, Million of reads per hour |	4.70

                          Number of input reads |	166939
                      Average input read length |	241
                                    UNIQUE READS:
                   Uniquely mapped reads number |	83723
                        Uniquely mapped reads % |	50.15%
                          Average mapped length |	245.88
                       Number of splices: Total |	91093
            Number of splices: Annotated (sjdb) |	91093
                       Number of splices: GT/AG |	2104
                       Number of splices: GC/AG |	54
                       Number of splices: AT/AC |	4582
               Number of splices: Non-canonical |	84353
                      Mismatch rate per base, % |	0.21%
                         Deletion rate per base |	0.13%
                        Deletion average length |	9.24
                        Insertion rate per base |	0.08%
                       Insertion average length |	19.19
                             MULTI-MAPPING READS:
        Number of reads mapped to multiple loci |	251
             % of reads mapped to multiple loci |	0.15%
        Number of reads mapped to too many loci |	0
             % of reads mapped to too many loci |	0.00%
                                  UNMAPPED READS:
  Number of reads unmapped: too many mismatches |	33266
       % of reads unmapped: too many mismatches |	19.93%
            Number of reads unmapped: too short |	2941
                 % of reads unmapped: too short |	1.76%
                Number of reads unmapped: other |	46758
                     % of reads unmapped: other |	28.01%
                                  CHIMERIC READS:
                       Number of chimeric reads |	0
                            % of chimeric reads |	0.00%
