                                 Started job on |	Jul 15 10:13:16
                             Started mapping on |	Jul 15 10:13:16
                                    Finished on |	Jul 15 10:17:46
       Mapping speed, Million of reads per hour |	5.42

                          Number of input reads |	406387
                      Average input read length |	205
                                    UNIQUE READS:
                   Uniquely mapped reads number |	204571
                        Uniquely mapped reads % |	50.34%
                          Average mapped length |	218.33
                       Number of splices: Total |	217120
            Number of splices: Annotated (sjdb) |	217120
                       Number of splices: GT/AG |	2318
                       Number of splices: GC/AG |	51
                       Number of splices: AT/AC |	5419
               Number of splices: Non-canonical |	209332
                      Mismatch rate per base, % |	0.37%
                         Deletion rate per base |	0.12%
                        Deletion average length |	4.49
                        Insertion rate per base |	0.02%
                       Insertion average length |	7.87
                             MULTI-MAPPING READS:
        Number of reads mapped to multiple loci |	777
             % of reads mapped to multiple loci |	0.19%
        Number of reads mapped to too many loci |	0
             % of reads mapped to too many loci |	0.00%
                                  UNMAPPED READS:
  Number of reads unmapped: too many mismatches |	71636
       % of reads unmapped: too many mismatches |	17.63%
            Number of reads unmapped: too short |	6776
                 % of reads unmapped: too short |	1.67%
                Number of reads unmapped: other |	122627
                     % of reads unmapped: other |	30.17%
                                  CHIMERIC READS:
                       Number of chimeric reads |	0
                            % of chimeric reads |	0.00%
