STAR version=2.7.3a
STAR compilation time,server,dir=Tue Oct 8 18:55:53 GMT 2019 :/Users/travis/build/alexdobin/travis-tests/STARcompile/source
##### Command Line:
STAR --runMode alignReads --runThreadN 4 --genomeDir Results/beta_sorting_junctionData/Virus-1/ --readFilesIn Results/beta_sorting_STARalign/Virus-1-2_depleted_vRNA_R1_Unmapped.out.mate1 --outFileNamePrefix Results/beta_sorting_STARrealign/Virus-1-2_depleted_vRNA_R1_ --outSAMtype BAM Unsorted --alignSJoverhangMin 1000 --outFilterMismatchNmax 3 --scoreDelOpen -6 --scoreDelBase -6 --alignEndsType EndToEnd --outReadsUnmapped Fastx
##### Initial USER parameters from Command Line:
outFileNamePrefix                 Results/beta_sorting_STARrealign/Virus-1-2_depleted_vRNA_R1_
###### All USER parameters from Command Line:
runMode                       alignReads     ~RE-DEFINED
runThreadN                    4     ~RE-DEFINED
genomeDir                     Results/beta_sorting_junctionData/Virus-1/     ~RE-DEFINED
readFilesIn                   Results/beta_sorting_STARalign/Virus-1-2_depleted_vRNA_R1_Unmapped.out.mate1        ~RE-DEFINED
outFileNamePrefix             Results/beta_sorting_STARrealign/Virus-1-2_depleted_vRNA_R1_     ~RE-DEFINED
outSAMtype                    BAM   Unsorted        ~RE-DEFINED
alignSJoverhangMin            1000     ~RE-DEFINED
outFilterMismatchNmax         3     ~RE-DEFINED
scoreDelOpen                  -6     ~RE-DEFINED
scoreDelBase                  -6     ~RE-DEFINED
alignEndsType                 EndToEnd     ~RE-DEFINED
outReadsUnmapped              Fastx     ~RE-DEFINED
##### Finished reading parameters from all sources

##### Final user re-defined parameters-----------------:
runMode                           alignReads
runThreadN                        4
genomeDir                         Results/beta_sorting_junctionData/Virus-1/
readFilesIn                       Results/beta_sorting_STARalign/Virus-1-2_depleted_vRNA_R1_Unmapped.out.mate1   
outFileNamePrefix                 Results/beta_sorting_STARrealign/Virus-1-2_depleted_vRNA_R1_
outReadsUnmapped                  Fastx
outSAMtype                        BAM   Unsorted   
outFilterMismatchNmax             3
scoreDelBase                      -6
scoreDelOpen                      -6
alignSJoverhangMin                1000
alignEndsType                     EndToEnd

-------------------------------
##### Final effective command line:
STAR   --runMode alignReads   --runThreadN 4   --genomeDir Results/beta_sorting_junctionData/Virus-1/   --readFilesIn Results/beta_sorting_STARalign/Virus-1-2_depleted_vRNA_R1_Unmapped.out.mate1      --outFileNamePrefix Results/beta_sorting_STARrealign/Virus-1-2_depleted_vRNA_R1_   --outReadsUnmapped Fastx   --outSAMtype BAM   Unsorted      --outFilterMismatchNmax 3   --scoreDelBase -6   --scoreDelOpen -6   --alignSJoverhangMin 1000   --alignEndsType EndToEnd
----------------------------------------

Finished loading and checking parameters
Reading genome generation parameters:
### STAR   --runMode genomeGenerate   --runThreadN 1   --genomeDir Results/beta_sorting_junctionData/Virus-1/   --genomeFastaFiles Database/WSN_vRNA.fa      --genomeSAindexNbases 3   --sjdbFileChrStartEnd Results/beta_sorting_junctionData/Virus-1/threshold_intron.tsv   
### GstrandBit=32
versionGenome                 2.7.1a     ~RE-DEFINED
genomeFastaFiles              Database/WSN_vRNA.fa        ~RE-DEFINED
genomeSAindexNbases           3     ~RE-DEFINED
genomeChrBinNbits             18     ~RE-DEFINED
genomeSAsparseD               1     ~RE-DEFINED
sjdbOverhang                  100     ~RE-DEFINED
sjdbFileChrStartEnd           Results/beta_sorting_junctionData/Virus-1/threshold_intron.tsv        ~RE-DEFINED
sjdbGTFfile                   -     ~RE-DEFINED
sjdbGTFchrPrefix              -     ~RE-DEFINED
sjdbGTFfeatureExon            exon     ~RE-DEFINED
sjdbGTFtagExonParentTranscripttranscript_id     ~RE-DEFINED
sjdbGTFtagExonParentGene      gene_id     ~RE-DEFINED
sjdbInsertSave                Basic     ~RE-DEFINED
genomeFileSizes               3705554   13283873        ~RE-DEFINED
Genome version is compatible with current STAR
Number of real (reference) chromosomes= 8
1	HA_vRNA	1789	0
2	M_vRNA	1041	262144
3	NA_vRNA	1423	524288
4	NP_vRNA	1579	786432
5	NS_vRNA	904	1048576
6	PA_vRNA	2247	1310720
7	PB1_vRNA	2355	1572864
8	PB2_vRNA	2355	1835008
--sjdbOverhang = 100 taken from the generated genome
Started loading the genome: Thu Jul 15 10:17:46 2021

Genome: size given as a parameter = 3705554
SA: size given as a parameter = 13283873
SAindex: size given as a parameter = 1
Read from SAindex: pGe.gSAindexNbases=3  nSAi=84
nGenome=3705554;  nSAbyte=13283873
GstrandBit=32   SA number of indices=3220332
Shared memory is not used for genomes. Allocated a private copy of the genome.
Genome file size: 3705554 bytes; state: good=1 eof=0 fail=0 bad=0
Loading Genome ... done! state: good=1 eof=0 fail=0 bad=0; loaded 3705554 bytes
SA file size: 13283873 bytes; state: good=1 eof=0 fail=0 bad=0
Loading SA ... done! state: good=1 eof=0 fail=0 bad=0; loaded 13283873 bytes
Loading SAindex ... done: 411 bytes
Finished loading the genome: Thu Jul 15 10:17:46 2021

Sum of all Genome bytes: 13099166
Sum of all SA bytes: 1142606319
Sum of all SAi bytes: 28729
Processing splice junctions database sjdbN=8002,   pGe.sjdbOverhang=100 
alignIntronMax=alignMatesGapMax=0, the max intron size will be approximately determined by (2^winBinNbits)*winAnchorDistNbins=589824
Opening the file: Results/beta_sorting_STARrealign/Virus-1-2_depleted_vRNA_R1__STARtmp//Unmapped.out.mate1.thread0 ... ok
Opening the file: Results/beta_sorting_STARrealign/Virus-1-2_depleted_vRNA_R1__STARtmp//Unmapped.out.mate1.thread1 ... ok
Opening the file: Results/beta_sorting_STARrealign/Virus-1-2_depleted_vRNA_R1__STARtmp//Unmapped.out.mate1.thread2 ... ok
Opening the file: Results/beta_sorting_STARrealign/Virus-1-2_depleted_vRNA_R1__STARtmp//Unmapped.out.mate1.thread3 ... ok
Created thread # 1
Created thread # 2
Created thread # 3
Thread #0 end of input stream, nextChar=-1
Completed: thread #3
Completed: thread #0
Completed: thread #2
Completed: thread #1
Joined thread # 1
Joined thread # 2
Joined thread # 3
ALL DONE!
