                                 Started job on |	Jul 15 10:08:34
                             Started mapping on |	Jul 15 10:08:34
                                    Finished on |	Jul 15 10:13:16
       Mapping speed, Million of reads per hour |	5.10

                          Number of input reads |	399683
                      Average input read length |	233
                                    UNIQUE READS:
                   Uniquely mapped reads number |	226822
                        Uniquely mapped reads % |	56.75%
                          Average mapped length |	237.58
                       Number of splices: Total |	241545
            Number of splices: Annotated (sjdb) |	241545
                       Number of splices: GT/AG |	2694
                       Number of splices: GC/AG |	51
                       Number of splices: AT/AC |	6382
               Number of splices: Non-canonical |	232418
                      Mismatch rate per base, % |	0.28%
                         Deletion rate per base |	0.11%
                        Deletion average length |	4.34
                        Insertion rate per base |	0.05%
                       Insertion average length |	14.55
                             MULTI-MAPPING READS:
        Number of reads mapped to multiple loci |	650
             % of reads mapped to multiple loci |	0.16%
        Number of reads mapped to too many loci |	0
             % of reads mapped to too many loci |	0.00%
                                  UNMAPPED READS:
  Number of reads unmapped: too many mismatches |	44285
       % of reads unmapped: too many mismatches |	11.08%
            Number of reads unmapped: too short |	5795
                 % of reads unmapped: too short |	1.45%
                Number of reads unmapped: other |	122131
                     % of reads unmapped: other |	30.56%
                                  CHIMERIC READS:
                       Number of chimeric reads |	0
                            % of chimeric reads |	0.00%
