                                 Started job on |	Jul 15 09:50:32
                             Started mapping on |	Jul 15 09:50:32
                                    Finished on |	Jul 15 10:04:27
       Mapping speed, Million of reads per hour |	2.96

                          Number of input reads |	687403
                      Average input read length |	174
                                    UNIQUE READS:
                   Uniquely mapped reads number |	43179
                        Uniquely mapped reads % |	6.28%
                          Average mapped length |	205.06
                       Number of splices: Total |	45084
            Number of splices: Annotated (sjdb) |	45084
                       Number of splices: GT/AG |	47
                       Number of splices: GC/AG |	3148
                       Number of splices: AT/AC |	549
               Number of splices: Non-canonical |	41340
                      Mismatch rate per base, % |	0.30%
                         Deletion rate per base |	0.46%
                        Deletion average length |	7.64
                        Insertion rate per base |	0.00%
                       Insertion average length |	2.92
                             MULTI-MAPPING READS:
        Number of reads mapped to multiple loci |	127
             % of reads mapped to multiple loci |	0.02%
        Number of reads mapped to too many loci |	0
             % of reads mapped to too many loci |	0.00%
                                  UNMAPPED READS:
  Number of reads unmapped: too many mismatches |	60537
       % of reads unmapped: too many mismatches |	8.81%
            Number of reads unmapped: too short |	6873
                 % of reads unmapped: too short |	1.00%
                Number of reads unmapped: other |	576687
                     % of reads unmapped: other |	83.89%
                                  CHIMERIC READS:
                       Number of chimeric reads |	0
                            % of chimeric reads |	0.00%
