                                 Started job on |	Jul 14 20:15:52
                             Started mapping on |	Jul 14 20:15:52
                                    Finished on |	Jul 14 20:59:02
       Mapping speed, Million of reads per hour |	2.51

                          Number of input reads |	1803231
                      Average input read length |	415
                                    UNIQUE READS:
                   Uniquely mapped reads number |	560169
                        Uniquely mapped reads % |	31.06%
                          Average mapped length |	421.31
                       Number of splices: Total |	45841
            Number of splices: Annotated (sjdb) |	0
                       Number of splices: GT/AG |	16630
                       Number of splices: GC/AG |	59
                       Number of splices: AT/AC |	36
               Number of splices: Non-canonical |	29116
                      Mismatch rate per base, % |	0.37%
                         Deletion rate per base |	0.02%
                        Deletion average length |	1.80
                        Insertion rate per base |	0.00%
                       Insertion average length |	1.17
                             MULTI-MAPPING READS:
        Number of reads mapped to multiple loci |	1818
             % of reads mapped to multiple loci |	0.10%
        Number of reads mapped to too many loci |	0
             % of reads mapped to too many loci |	0.00%
                                  UNMAPPED READS:
  Number of reads unmapped: too many mismatches |	0
       % of reads unmapped: too many mismatches |	0.00%
            Number of reads unmapped: too short |	1038227
                 % of reads unmapped: too short |	57.58%
                Number of reads unmapped: other |	203017
                     % of reads unmapped: other |	11.26%
                                  CHIMERIC READS:
                       Number of chimeric reads |	0
                            % of chimeric reads |	0.00%
