                                 Started job on |	Jul 14 21:56:22
                             Started mapping on |	Jul 14 21:58:36
                                    Finished on |	Jul 14 22:06:35
       Mapping speed, Million of reads per hour |	11.89

                          Number of input reads |	1582462
                      Average input read length |	420
                                    UNIQUE READS:
                   Uniquely mapped reads number |	1534394
                        Uniquely mapped reads % |	96.96%
                          Average mapped length |	419.58
                       Number of splices: Total |	2270489
            Number of splices: Annotated (sjdb) |	2200817
                       Number of splices: GT/AG |	2205770
                       Number of splices: GC/AG |	20217
                       Number of splices: AT/AC |	1697
               Number of splices: Non-canonical |	42805
                      Mismatch rate per base, % |	0.36%
                         Deletion rate per base |	0.04%
                        Deletion average length |	1.56
                        Insertion rate per base |	0.00%
                       Insertion average length |	1.60
                             MULTI-MAPPING READS:
        Number of reads mapped to multiple loci |	24373
             % of reads mapped to multiple loci |	1.54%
        Number of reads mapped to too many loci |	246
             % of reads mapped to too many loci |	0.02%
                                  UNMAPPED READS:
  Number of reads unmapped: too many mismatches |	0
       % of reads unmapped: too many mismatches |	0.00%
            Number of reads unmapped: too short |	23157
                 % of reads unmapped: too short |	1.46%
                Number of reads unmapped: other |	292
                     % of reads unmapped: other |	0.02%
                                  CHIMERIC READS:
                       Number of chimeric reads |	0
                            % of chimeric reads |	0.00%
