                                 Started job on |	Jul 14 18:26:47
                             Started mapping on |	Jul 14 18:29:12
                                    Finished on |	Jul 14 18:35:47
       Mapping speed, Million of reads per hour |	18.02

                          Number of input reads |	1976884
                      Average input read length |	367
                                    UNIQUE READS:
                   Uniquely mapped reads number |	1894689
                        Uniquely mapped reads % |	95.84%
                          Average mapped length |	368.37
                       Number of splices: Total |	1863056
            Number of splices: Annotated (sjdb) |	1766627
                       Number of splices: GT/AG |	1751487
                       Number of splices: GC/AG |	12940
                       Number of splices: AT/AC |	3935
               Number of splices: Non-canonical |	94694
                      Mismatch rate per base, % |	0.35%
                         Deletion rate per base |	0.05%
                        Deletion average length |	1.55
                        Insertion rate per base |	0.00%
                       Insertion average length |	1.45
                             MULTI-MAPPING READS:
        Number of reads mapped to multiple loci |	37745
             % of reads mapped to multiple loci |	1.91%
        Number of reads mapped to too many loci |	1114
             % of reads mapped to too many loci |	0.06%
                                  UNMAPPED READS:
  Number of reads unmapped: too many mismatches |	0
       % of reads unmapped: too many mismatches |	0.00%
            Number of reads unmapped: too short |	42730
                 % of reads unmapped: too short |	2.16%
                Number of reads unmapped: other |	606
                     % of reads unmapped: other |	0.03%
                                  CHIMERIC READS:
                       Number of chimeric reads |	0
                            % of chimeric reads |	0.00%
