                                 Started job on |	Jul 14 21:14:08
                             Started mapping on |	Jul 14 21:14:08
                                    Finished on |	Jul 14 21:54:46
       Mapping speed, Million of reads per hour |	2.20

                          Number of input reads |	1488212
                      Average input read length |	427
                                    UNIQUE READS:
                   Uniquely mapped reads number |	377812
                        Uniquely mapped reads % |	25.39%
                          Average mapped length |	433.40
                       Number of splices: Total |	24823
            Number of splices: Annotated (sjdb) |	0
                       Number of splices: GT/AG |	11394
                       Number of splices: GC/AG |	562
                       Number of splices: AT/AC |	11
               Number of splices: Non-canonical |	12856
                      Mismatch rate per base, % |	0.33%
                         Deletion rate per base |	0.02%
                        Deletion average length |	2.42
                        Insertion rate per base |	0.00%
                       Insertion average length |	1.16
                             MULTI-MAPPING READS:
        Number of reads mapped to multiple loci |	1296
             % of reads mapped to multiple loci |	0.09%
        Number of reads mapped to too many loci |	0
             % of reads mapped to too many loci |	0.00%
                                  UNMAPPED READS:
  Number of reads unmapped: too many mismatches |	0
       % of reads unmapped: too many mismatches |	0.00%
            Number of reads unmapped: too short |	890662
                 % of reads unmapped: too short |	59.85%
                Number of reads unmapped: other |	218442
                     % of reads unmapped: other |	14.68%
                                  CHIMERIC READS:
                       Number of chimeric reads |	0
                            % of chimeric reads |	0.00%
