                                 Started job on |	Jul 14 20:59:12
                             Started mapping on |	Jul 14 20:59:12
                                    Finished on |	Jul 14 21:00:33
       Mapping speed, Million of reads per hour |	79.69

                          Number of input reads |	1793042
                      Average input read length |	240
                                    UNIQUE READS:
                   Uniquely mapped reads number |	1529857
                        Uniquely mapped reads % |	85.32%
                          Average mapped length |	241.13
                       Number of splices: Total |	0
            Number of splices: Annotated (sjdb) |	0
                       Number of splices: GT/AG |	0
                       Number of splices: GC/AG |	0
                       Number of splices: AT/AC |	0
               Number of splices: Non-canonical |	0
                      Mismatch rate per base, % |	0.20%
                         Deletion rate per base |	0.01%
                        Deletion average length |	1.50
                        Insertion rate per base |	0.00%
                       Insertion average length |	1.08
                             MULTI-MAPPING READS:
        Number of reads mapped to multiple loci |	520
             % of reads mapped to multiple loci |	0.03%
        Number of reads mapped to too many loci |	0
             % of reads mapped to too many loci |	0.00%
                                  UNMAPPED READS:
  Number of reads unmapped: too many mismatches |	70558
       % of reads unmapped: too many mismatches |	3.94%
            Number of reads unmapped: too short |	64042
                 % of reads unmapped: too short |	3.57%
                Number of reads unmapped: other |	128065
                     % of reads unmapped: other |	7.14%
                                  CHIMERIC READS:
                       Number of chimeric reads |	0
                            % of chimeric reads |	0.00%
