                                 Started job on |	Jul 14 23:56:41
                             Started mapping on |	Jul 14 23:58:11
                                    Finished on |	Jul 15 00:07:13
       Mapping speed, Million of reads per hour |	8.87

                          Number of input reads |	1335534
                      Average input read length |	422
                                    UNIQUE READS:
                   Uniquely mapped reads number |	1303628
                        Uniquely mapped reads % |	97.61%
                          Average mapped length |	422.28
                       Number of splices: Total |	1998622
            Number of splices: Annotated (sjdb) |	1950502
                       Number of splices: GT/AG |	1960586
                       Number of splices: GC/AG |	15909
                       Number of splices: AT/AC |	1725
               Number of splices: Non-canonical |	20402
                      Mismatch rate per base, % |	0.43%
                         Deletion rate per base |	0.03%
                        Deletion average length |	1.53
                        Insertion rate per base |	0.00%
                       Insertion average length |	1.62
                             MULTI-MAPPING READS:
        Number of reads mapped to multiple loci |	20001
             % of reads mapped to multiple loci |	1.50%
        Number of reads mapped to too many loci |	141
             % of reads mapped to too many loci |	0.01%
                                  UNMAPPED READS:
  Number of reads unmapped: too many mismatches |	0
       % of reads unmapped: too many mismatches |	0.00%
            Number of reads unmapped: too short |	11619
                 % of reads unmapped: too short |	0.87%
                Number of reads unmapped: other |	145
                     % of reads unmapped: other |	0.01%
                                  CHIMERIC READS:
                       Number of chimeric reads |	0
                            % of chimeric reads |	0.00%
