                                 Started job on |	Jul 14 18:25:29
                             Started mapping on |	Jul 14 18:25:29
                                    Finished on |	Jul 14 18:26:08
       Mapping speed, Million of reads per hour |	132.49

                          Number of input reads |	1435295
                      Average input read length |	242
                                    UNIQUE READS:
                   Uniquely mapped reads number |	1267887
                        Uniquely mapped reads % |	88.34%
                          Average mapped length |	242.70
                       Number of splices: Total |	0
            Number of splices: Annotated (sjdb) |	0
                       Number of splices: GT/AG |	0
                       Number of splices: GC/AG |	0
                       Number of splices: AT/AC |	0
               Number of splices: Non-canonical |	0
                      Mismatch rate per base, % |	0.20%
                         Deletion rate per base |	0.00%
                        Deletion average length |	1.33
                        Insertion rate per base |	0.00%
                       Insertion average length |	1.13
                             MULTI-MAPPING READS:
        Number of reads mapped to multiple loci |	469
             % of reads mapped to multiple loci |	0.03%
        Number of reads mapped to too many loci |	0
             % of reads mapped to too many loci |	0.00%
                                  UNMAPPED READS:
  Number of reads unmapped: too many mismatches |	59839
       % of reads unmapped: too many mismatches |	4.17%
            Number of reads unmapped: too short |	60331
                 % of reads unmapped: too short |	4.20%
                Number of reads unmapped: other |	46769
                     % of reads unmapped: other |	3.26%
                                  CHIMERIC READS:
                       Number of chimeric reads |	0
                            % of chimeric reads |	0.00%
