                                 Started job on |	Jul 14 20:01:50
                             Started mapping on |	Jul 14 20:04:02
                                    Finished on |	Jul 14 20:15:51
       Mapping speed, Million of reads per hour |	9.16

                          Number of input reads |	1803231
                      Average input read length |	415
                                    UNIQUE READS:
                   Uniquely mapped reads number |	1763045
                        Uniquely mapped reads % |	97.77%
                          Average mapped length |	414.63
                       Number of splices: Total |	2153740
            Number of splices: Annotated (sjdb) |	2083459
                       Number of splices: GT/AG |	2088865
                       Number of splices: GC/AG |	18015
                       Number of splices: AT/AC |	3463
               Number of splices: Non-canonical |	43397
                      Mismatch rate per base, % |	0.40%
                         Deletion rate per base |	0.02%
                        Deletion average length |	1.53
                        Insertion rate per base |	0.00%
                       Insertion average length |	1.58
                             MULTI-MAPPING READS:
        Number of reads mapped to multiple loci |	23047
             % of reads mapped to multiple loci |	1.28%
        Number of reads mapped to too many loci |	224
             % of reads mapped to too many loci |	0.01%
                                  UNMAPPED READS:
  Number of reads unmapped: too many mismatches |	0
       % of reads unmapped: too many mismatches |	0.00%
            Number of reads unmapped: too short |	16680
                 % of reads unmapped: too short |	0.93%
                Number of reads unmapped: other |	235
                     % of reads unmapped: other |	0.01%
                                  CHIMERIC READS:
                       Number of chimeric reads |	0
                            % of chimeric reads |	0.00%
