                                 Started job on |	Jul 14 17:47:19
                             Started mapping on |	Jul 14 17:50:08
                                    Finished on |	Jul 14 18:00:30
       Mapping speed, Million of reads per hour |	10.59

                          Number of input reads |	1829035
                      Average input read length |	383
                                    UNIQUE READS:
                   Uniquely mapped reads number |	1780628
                        Uniquely mapped reads % |	97.35%
                          Average mapped length |	383.48
                       Number of splices: Total |	1614540
            Number of splices: Annotated (sjdb) |	1521766
                       Number of splices: GT/AG |	1511580
                       Number of splices: GC/AG |	13213
                       Number of splices: AT/AC |	5398
               Number of splices: Non-canonical |	84349
                      Mismatch rate per base, % |	0.28%
                         Deletion rate per base |	0.01%
                        Deletion average length |	1.79
                        Insertion rate per base |	0.00%
                       Insertion average length |	1.43
                             MULTI-MAPPING READS:
        Number of reads mapped to multiple loci |	22477
             % of reads mapped to multiple loci |	1.23%
        Number of reads mapped to too many loci |	302
             % of reads mapped to too many loci |	0.02%
                                  UNMAPPED READS:
  Number of reads unmapped: too many mismatches |	0
       % of reads unmapped: too many mismatches |	0.00%
            Number of reads unmapped: too short |	25409
                 % of reads unmapped: too short |	1.39%
                Number of reads unmapped: other |	219
                     % of reads unmapped: other |	0.01%
                                  CHIMERIC READS:
                       Number of chimeric reads |	0
                            % of chimeric reads |	0.00%
