                                 Started job on |	Jul 14 20:00:01
                             Started mapping on |	Jul 14 20:00:01
                                    Finished on |	Jul 14 20:00:57
       Mapping speed, Million of reads per hour |	94.53

                          Number of input reads |	1470485
                      Average input read length |	239
                                    UNIQUE READS:
                   Uniquely mapped reads number |	1298184
                        Uniquely mapped reads % |	88.28%
                          Average mapped length |	240.14
                       Number of splices: Total |	0
            Number of splices: Annotated (sjdb) |	0
                       Number of splices: GT/AG |	0
                       Number of splices: GC/AG |	0
                       Number of splices: AT/AC |	0
               Number of splices: Non-canonical |	0
                      Mismatch rate per base, % |	0.20%
                         Deletion rate per base |	0.00%
                        Deletion average length |	1.35
                        Insertion rate per base |	0.00%
                       Insertion average length |	1.09
                             MULTI-MAPPING READS:
        Number of reads mapped to multiple loci |	577
             % of reads mapped to multiple loci |	0.04%
        Number of reads mapped to too many loci |	0
             % of reads mapped to too many loci |	0.00%
                                  UNMAPPED READS:
  Number of reads unmapped: too many mismatches |	49014
       % of reads unmapped: too many mismatches |	3.33%
            Number of reads unmapped: too short |	34693
                 % of reads unmapped: too short |	2.36%
                Number of reads unmapped: other |	88017
                     % of reads unmapped: other |	5.99%
                                  CHIMERIC READS:
                       Number of chimeric reads |	0
                            % of chimeric reads |	0.00%
