                                 Started job on |	Jul 14 18:35:47
                             Started mapping on |	Jul 14 18:35:47
                                    Finished on |	Jul 14 19:10:04
       Mapping speed, Million of reads per hour |	3.46

                          Number of input reads |	1976884
                      Average input read length |	367
                                    UNIQUE READS:
                   Uniquely mapped reads number |	689668
                        Uniquely mapped reads % |	34.89%
                          Average mapped length |	376.74
                       Number of splices: Total |	101654
            Number of splices: Annotated (sjdb) |	0
                       Number of splices: GT/AG |	45642
                       Number of splices: GC/AG |	123
                       Number of splices: AT/AC |	101
               Number of splices: Non-canonical |	55788
                      Mismatch rate per base, % |	0.31%
                         Deletion rate per base |	0.05%
                        Deletion average length |	1.70
                        Insertion rate per base |	0.00%
                       Insertion average length |	1.14
                             MULTI-MAPPING READS:
        Number of reads mapped to multiple loci |	2598
             % of reads mapped to multiple loci |	0.13%
        Number of reads mapped to too many loci |	0
             % of reads mapped to too many loci |	0.00%
                                  UNMAPPED READS:
  Number of reads unmapped: too many mismatches |	0
       % of reads unmapped: too many mismatches |	0.00%
            Number of reads unmapped: too short |	1113519
                 % of reads unmapped: too short |	56.33%
                Number of reads unmapped: other |	171099
                     % of reads unmapped: other |	8.65%
                                  CHIMERIC READS:
                       Number of chimeric reads |	0
                            % of chimeric reads |	0.00%
