                                 Started job on |	Jul 14 22:47:59
                             Started mapping on |	Jul 14 22:47:59
                                    Finished on |	Jul 14 22:49:53
       Mapping speed, Million of reads per hour |	42.22

                          Number of input reads |	1337036
                      Average input read length |	236
                                    UNIQUE READS:
                   Uniquely mapped reads number |	1002773
                        Uniquely mapped reads % |	75.00%
                          Average mapped length |	235.70
                       Number of splices: Total |	0
            Number of splices: Annotated (sjdb) |	0
                       Number of splices: GT/AG |	0
                       Number of splices: GC/AG |	0
                       Number of splices: AT/AC |	0
               Number of splices: Non-canonical |	0
                      Mismatch rate per base, % |	0.22%
                         Deletion rate per base |	0.04%
                        Deletion average length |	2.15
                        Insertion rate per base |	0.00%
                       Insertion average length |	1.12
                             MULTI-MAPPING READS:
        Number of reads mapped to multiple loci |	339
             % of reads mapped to multiple loci |	0.03%
        Number of reads mapped to too many loci |	0
             % of reads mapped to too many loci |	0.00%
                                  UNMAPPED READS:
  Number of reads unmapped: too many mismatches |	69384
       % of reads unmapped: too many mismatches |	5.19%
            Number of reads unmapped: too short |	73630
                 % of reads unmapped: too short |	5.51%
                Number of reads unmapped: other |	190910
                     % of reads unmapped: other |	14.28%
                                  CHIMERIC READS:
                       Number of chimeric reads |	0
                            % of chimeric reads |	0.00%
