STAR version=2.7.3a
STAR compilation time,server,dir=Tue Oct 8 18:55:53 GMT 2019 :/Users/travis/build/alexdobin/travis-tests/STARcompile/source
##### Command Line:
STAR --runMode alignReads --runThreadN 4 --genomeDir Database/human_WSN_star --readFilesIn Sequencing/beta_sorting/trimmed_reads/Virus-2-1_enriched_mRNA_S11_L001_R1_001.fastq Sequencing/beta_sorting/trimmed_reads/Virus-2-1_enriched_mRNA_S11_L001_R2_001.fastq --outFileNamePrefix Results/beta_sorting_STARalign/Virus-2-1_enriched_mRNA_ --outSAMtype BAM Unsorted
##### Initial USER parameters from Command Line:
outFileNamePrefix                 Results/beta_sorting_STARalign/Virus-2-1_enriched_mRNA_
###### All USER parameters from Command Line:
runMode                       alignReads     ~RE-DEFINED
runThreadN                    4     ~RE-DEFINED
genomeDir                     Database/human_WSN_star     ~RE-DEFINED
readFilesIn                   Sequencing/beta_sorting/trimmed_reads/Virus-2-1_enriched_mRNA_S11_L001_R1_001.fastq   Sequencing/beta_sorting/trimmed_reads/Virus-2-1_enriched_mRNA_S11_L001_R2_001.fastq        ~RE-DEFINED
outFileNamePrefix             Results/beta_sorting_STARalign/Virus-2-1_enriched_mRNA_     ~RE-DEFINED
outSAMtype                    BAM   Unsorted        ~RE-DEFINED
##### Finished reading parameters from all sources

##### Final user re-defined parameters-----------------:
runMode                           alignReads
runThreadN                        4
genomeDir                         Database/human_WSN_star
readFilesIn                       Sequencing/beta_sorting/trimmed_reads/Virus-2-1_enriched_mRNA_S11_L001_R1_001.fastq   Sequencing/beta_sorting/trimmed_reads/Virus-2-1_enriched_mRNA_S11_L001_R2_001.fastq   
outFileNamePrefix                 Results/beta_sorting_STARalign/Virus-2-1_enriched_mRNA_
outSAMtype                        BAM   Unsorted   

-------------------------------
##### Final effective command line:
STAR   --runMode alignReads   --runThreadN 4   --genomeDir Database/human_WSN_star   --readFilesIn Sequencing/beta_sorting/trimmed_reads/Virus-2-1_enriched_mRNA_S11_L001_R1_001.fastq   Sequencing/beta_sorting/trimmed_reads/Virus-2-1_enriched_mRNA_S11_L001_R2_001.fastq      --outFileNamePrefix Results/beta_sorting_STARalign/Virus-2-1_enriched_mRNA_   --outSAMtype BAM   Unsorted   
----------------------------------------

Finished loading and checking parameters
Reading genome generation parameters:
### STAR   --runMode genomeGenerate   --runThreadN 8   --genomeDir Data/Human_Flu_STAR   --genomeFastaFiles /oasis/tscc/scratch/a5russell/Database/human_WSN/fasta/genome.fa      --sjdbGTFfile /oasis/tscc/scratch/a5russell/Database/human_WSN/genes/genes.gtf
### GstrandBit=32
versionGenome                 2.7.1a     ~RE-DEFINED
genomeFastaFiles              /oasis/tscc/scratch/a5russell/Database/human_WSN/fasta/genome.fa        ~RE-DEFINED
genomeSAindexNbases           14     ~RE-DEFINED
genomeChrBinNbits             18     ~RE-DEFINED
genomeSAsparseD               1     ~RE-DEFINED
sjdbOverhang                  100     ~RE-DEFINED
sjdbFileChrStartEnd           -        ~RE-DEFINED
sjdbGTFfile                   /oasis/tscc/scratch/a5russell/Database/human_WSN/genes/genes.gtf     ~RE-DEFINED
sjdbGTFchrPrefix              -     ~RE-DEFINED
sjdbGTFfeatureExon            exon     ~RE-DEFINED
sjdbGTFtagExonParentTranscripttranscript_id     ~RE-DEFINED
sjdbGTFtagExonParentGene      gene_id     ~RE-DEFINED
sjdbInsertSave                Basic     ~RE-DEFINED
genomeFileSizes               3143449739   23951168921        ~RE-DEFINED
Genome version is compatible with current STAR
Number of real (reference) chromosomes= 33
1	1	249250621	0
2	2	243199373	249298944
3	3	198022430	492568576
4	4	191154276	690749440
5	5	180915260	882114560
6	6	171115067	1063256064
7	7	159138663	1234436096
8	8	146364022	1393819648
9	9	141213431	1540358144
10	10	135534747	1681653760
11	11	135006516	1817444352
12	12	133851895	1952710656
13	13	115169878	2086666240
14	14	107349540	2202009600
15	15	102531392	2309488640
16	16	90354753	2412249088
17	17	81195210	2502688768
18	18	78077248	2583953408
19	19	59128983	2662072320
20	20	63025520	2721316864
21	21	48129895	2784493568
22	22	51304566	2832728064
23	X	155270560	2884108288
24	Y	59373566	3039559680
25	MT	16569	3099066368
26	PB1_mRNA	2325	3099328512
27	PB2_mRNA	2324	3099590656
28	PA_mRNA	2216	3099852800
29	HA_mRNA	1758	3100114944
30	NP_mRNA	1548	3100377088
31	NA_mRNA	1393	3100639232
32	M_mRNA	1010	3100901376
33	NS_mRNA	873	3101163520
--sjdbOverhang = 100 taken from the generated genome
Started loading the genome: Wed Jul 14 21:56:22 2021

Genome: size given as a parameter = 3143449739
SA: size given as a parameter = 23951168921
SAindex: size given as a parameter = 1
Read from SAindex: pGe.gSAindexNbases=14  nSAi=357913940
nGenome=3143449739;  nSAbyte=23951168921
GstrandBit=32   SA number of indices=5806343980
Shared memory is not used for genomes. Allocated a private copy of the genome.
Genome file size: 3143449739 bytes; state: good=1 eof=0 fail=0 bad=0
Loading Genome ... done! state: good=1 eof=0 fail=0 bad=0; loaded 3143449739 bytes
SA file size: 23951168921 bytes; state: good=1 eof=0 fail=0 bad=0
Loading SA ... done! state: good=1 eof=0 fail=0 bad=0; loaded 23951168921 bytes
Loading SAindex ... done: 1565873619 bytes
Finished loading the genome: Wed Jul 14 21:57:14 2021

Sum of all Genome bytes: 5323808199
Sum of all SA bytes: 2980379748894
Sum of all SAi bytes: 184422941368
Processing splice junctions database sjdbN=209075,   pGe.sjdbOverhang=100 
alignIntronMax=alignMatesGapMax=0, the max intron size will be approximately determined by (2^winBinNbits)*winAnchorDistNbins=589824
Created thread # 1
Created thread # 2
Created thread # 3
Thread #2 end of input stream, nextChar=-1
Completed: thread #0
Completed: thread #2
Completed: thread #3
Completed: thread #1
Joined thread # 1
Joined thread # 2
Joined thread # 3
ALL DONE!
