                                 Started job on |	Jul 14 23:53:11
                             Started mapping on |	Jul 14 23:53:11
                                    Finished on |	Jul 14 23:55:07
       Mapping speed, Million of reads per hour |	50.69

                          Number of input reads |	1633383
                      Average input read length |	220
                                    UNIQUE READS:
                   Uniquely mapped reads number |	1336993
                        Uniquely mapped reads % |	81.85%
                          Average mapped length |	222.35
                       Number of splices: Total |	0
            Number of splices: Annotated (sjdb) |	0
                       Number of splices: GT/AG |	0
                       Number of splices: GC/AG |	0
                       Number of splices: AT/AC |	0
               Number of splices: Non-canonical |	0
                      Mismatch rate per base, % |	0.19%
                         Deletion rate per base |	0.01%
                        Deletion average length |	2.05
                        Insertion rate per base |	0.00%
                       Insertion average length |	1.06
                             MULTI-MAPPING READS:
        Number of reads mapped to multiple loci |	501
             % of reads mapped to multiple loci |	0.03%
        Number of reads mapped to too many loci |	0
             % of reads mapped to too many loci |	0.00%
                                  UNMAPPED READS:
  Number of reads unmapped: too many mismatches |	37377
       % of reads unmapped: too many mismatches |	2.29%
            Number of reads unmapped: too short |	17809
                 % of reads unmapped: too short |	1.09%
                Number of reads unmapped: other |	240703
                     % of reads unmapped: other |	14.74%
                                  CHIMERIC READS:
                       Number of chimeric reads |	0
                            % of chimeric reads |	0.00%
