                                 Started job on |	Jul 14 18:00:30
                             Started mapping on |	Jul 14 18:00:30
                                    Finished on |	Jul 14 18:25:21
       Mapping speed, Million of reads per hour |	4.42

                          Number of input reads |	1829035
                      Average input read length |	383
                                    UNIQUE READS:
                   Uniquely mapped reads number |	915440
                        Uniquely mapped reads % |	50.05%
                          Average mapped length |	386.75
                       Number of splices: Total |	95839
            Number of splices: Annotated (sjdb) |	0
                       Number of splices: GT/AG |	32293
                       Number of splices: GC/AG |	152
                       Number of splices: AT/AC |	46
               Number of splices: Non-canonical |	63348
                      Mismatch rate per base, % |	0.26%
                         Deletion rate per base |	0.01%
                        Deletion average length |	2.20
                        Insertion rate per base |	0.00%
                       Insertion average length |	1.18
                             MULTI-MAPPING READS:
        Number of reads mapped to multiple loci |	2474
             % of reads mapped to multiple loci |	0.14%
        Number of reads mapped to too many loci |	0
             % of reads mapped to too many loci |	0.00%
                                  UNMAPPED READS:
  Number of reads unmapped: too many mismatches |	0
       % of reads unmapped: too many mismatches |	0.00%
            Number of reads unmapped: too short |	773740
                 % of reads unmapped: too short |	42.30%
                Number of reads unmapped: other |	137381
                     % of reads unmapped: other |	7.51%
                                  CHIMERIC READS:
                       Number of chimeric reads |	0
                            % of chimeric reads |	0.00%
