                                 Started job on |	Jul 14 23:55:07
                             Started mapping on |	Jul 14 23:55:07
                                    Finished on |	Jul 14 23:56:33
       Mapping speed, Million of reads per hour |	68.37

                          Number of input reads |	1633383
                      Average input read length |	196
                                    UNIQUE READS:
                   Uniquely mapped reads number |	1313320
                        Uniquely mapped reads % |	80.40%
                          Average mapped length |	198.92
                       Number of splices: Total |	0
            Number of splices: Annotated (sjdb) |	0
                       Number of splices: GT/AG |	0
                       Number of splices: GC/AG |	0
                       Number of splices: AT/AC |	0
               Number of splices: Non-canonical |	0
                      Mismatch rate per base, % |	0.29%
                         Deletion rate per base |	0.01%
                        Deletion average length |	2.13
                        Insertion rate per base |	0.00%
                       Insertion average length |	1.07
                             MULTI-MAPPING READS:
        Number of reads mapped to multiple loci |	499
             % of reads mapped to multiple loci |	0.03%
        Number of reads mapped to too many loci |	0
             % of reads mapped to too many loci |	0.00%
                                  UNMAPPED READS:
  Number of reads unmapped: too many mismatches |	62283
       % of reads unmapped: too many mismatches |	3.81%
            Number of reads unmapped: too short |	17043
                 % of reads unmapped: too short |	1.04%
                Number of reads unmapped: other |	240238
                     % of reads unmapped: other |	14.71%
                                  CHIMERIC READS:
                       Number of chimeric reads |	0
                            % of chimeric reads |	0.00%
