                                 Started job on |	Jul 14 23:04:08
                             Started mapping on |	Jul 14 23:04:08
                                    Finished on |	Jul 14 23:53:02
       Mapping speed, Million of reads per hour |	2.00

                          Number of input reads |	1631373
                      Average input read length |	406
                                    UNIQUE READS:
                   Uniquely mapped reads number |	160412
                        Uniquely mapped reads % |	9.83%
                          Average mapped length |	413.09
                       Number of splices: Total |	7892
            Number of splices: Annotated (sjdb) |	0
                       Number of splices: GT/AG |	4753
                       Number of splices: GC/AG |	130
                       Number of splices: AT/AC |	3
               Number of splices: Non-canonical |	3006
                      Mismatch rate per base, % |	0.36%
                         Deletion rate per base |	0.01%
                        Deletion average length |	1.86
                        Insertion rate per base |	0.00%
                       Insertion average length |	1.17
                             MULTI-MAPPING READS:
        Number of reads mapped to multiple loci |	442
             % of reads mapped to multiple loci |	0.03%
        Number of reads mapped to too many loci |	0
             % of reads mapped to too many loci |	0.00%
                                  UNMAPPED READS:
  Number of reads unmapped: too many mismatches |	0
       % of reads unmapped: too many mismatches |	0.00%
            Number of reads unmapped: too short |	1230034
                 % of reads unmapped: too short |	75.40%
                Number of reads unmapped: other |	240485
                     % of reads unmapped: other |	14.74%
                                  CHIMERIC READS:
                       Number of chimeric reads |	0
                            % of chimeric reads |	0.00%
