                                 Started job on |	Jul 14 19:11:26
                             Started mapping on |	Jul 14 19:11:26
                                    Finished on |	Jul 14 19:12:19
       Mapping speed, Million of reads per hour |	102.65

                          Number of input reads |	1511291
                      Average input read length |	204
                                    UNIQUE READS:
                   Uniquely mapped reads number |	1104401
                        Uniquely mapped reads % |	73.08%
                          Average mapped length |	203.39
                       Number of splices: Total |	0
            Number of splices: Annotated (sjdb) |	0
                       Number of splices: GT/AG |	0
                       Number of splices: GC/AG |	0
                       Number of splices: AT/AC |	0
               Number of splices: Non-canonical |	0
                      Mismatch rate per base, % |	0.34%
                         Deletion rate per base |	0.02%
                        Deletion average length |	1.52
                        Insertion rate per base |	0.00%
                       Insertion average length |	1.09
                             MULTI-MAPPING READS:
        Number of reads mapped to multiple loci |	503
             % of reads mapped to multiple loci |	0.03%
        Number of reads mapped to too many loci |	0
             % of reads mapped to too many loci |	0.00%
                                  UNMAPPED READS:
  Number of reads unmapped: too many mismatches |	135671
       % of reads unmapped: too many mismatches |	8.98%
            Number of reads unmapped: too short |	148571
                 % of reads unmapped: too short |	9.83%
                Number of reads unmapped: other |	122145
                     % of reads unmapped: other |	8.08%
                                  CHIMERIC READS:
                       Number of chimeric reads |	0
                            % of chimeric reads |	0.00%
