                                 Started job on |	Jul 14 19:12:29
                             Started mapping on |	Jul 14 19:14:38
                                    Finished on |	Jul 14 19:22:02
       Mapping speed, Million of reads per hour |	13.57

                          Number of input reads |	1673516
                      Average input read length |	415
                                    UNIQUE READS:
                   Uniquely mapped reads number |	1636149
                        Uniquely mapped reads % |	97.77%
                          Average mapped length |	415.09
                       Number of splices: Total |	2331203
            Number of splices: Annotated (sjdb) |	2265651
                       Number of splices: GT/AG |	2265749
                       Number of splices: GC/AG |	22876
                       Number of splices: AT/AC |	3414
               Number of splices: Non-canonical |	39164
                      Mismatch rate per base, % |	0.37%
                         Deletion rate per base |	0.01%
                        Deletion average length |	1.53
                        Insertion rate per base |	0.00%
                       Insertion average length |	1.54
                             MULTI-MAPPING READS:
        Number of reads mapped to multiple loci |	20656
             % of reads mapped to multiple loci |	1.23%
        Number of reads mapped to too many loci |	139
             % of reads mapped to too many loci |	0.01%
                                  UNMAPPED READS:
  Number of reads unmapped: too many mismatches |	0
       % of reads unmapped: too many mismatches |	0.00%
            Number of reads unmapped: too short |	16358
                 % of reads unmapped: too short |	0.98%
                Number of reads unmapped: other |	214
                     % of reads unmapped: other |	0.01%
                                  CHIMERIC READS:
                       Number of chimeric reads |	0
                            % of chimeric reads |	0.00%
