                                 Started job on |	Jul 14 21:01:42
                             Started mapping on |	Jul 14 21:03:49
                                    Finished on |	Jul 14 21:14:08
       Mapping speed, Million of reads per hour |	8.66

                          Number of input reads |	1488212
                      Average input read length |	427
                                    UNIQUE READS:
                   Uniquely mapped reads number |	1451227
                        Uniquely mapped reads % |	97.51%
                          Average mapped length |	427.28
                       Number of splices: Total |	2227557
            Number of splices: Annotated (sjdb) |	2172274
                       Number of splices: GT/AG |	2176879
                       Number of splices: GC/AG |	21650
                       Number of splices: AT/AC |	2052
               Number of splices: Non-canonical |	26976
                      Mismatch rate per base, % |	0.36%
                         Deletion rate per base |	0.01%
                        Deletion average length |	1.68
                        Insertion rate per base |	0.01%
                       Insertion average length |	1.50
                             MULTI-MAPPING READS:
        Number of reads mapped to multiple loci |	20245
             % of reads mapped to multiple loci |	1.36%
        Number of reads mapped to too many loci |	158
             % of reads mapped to too many loci |	0.01%
                                  UNMAPPED READS:
  Number of reads unmapped: too many mismatches |	0
       % of reads unmapped: too many mismatches |	0.00%
            Number of reads unmapped: too short |	16402
                 % of reads unmapped: too short |	1.10%
                Number of reads unmapped: other |	180
                     % of reads unmapped: other |	0.01%
                                  CHIMERIC READS:
                       Number of chimeric reads |	0
                            % of chimeric reads |	0.00%
