                                 Started job on |	Jul 14 19:22:02
                             Started mapping on |	Jul 14 19:22:02
                                    Finished on |	Jul 14 19:59:52
       Mapping speed, Million of reads per hour |	2.65

                          Number of input reads |	1673516
                      Average input read length |	415
                                    UNIQUE READS:
                   Uniquely mapped reads number |	519362
                        Uniquely mapped reads % |	31.03%
                          Average mapped length |	419.32
                       Number of splices: Total |	35943
            Number of splices: Annotated (sjdb) |	0
                       Number of splices: GT/AG |	16659
                       Number of splices: GC/AG |	78
                       Number of splices: AT/AC |	26
               Number of splices: Non-canonical |	19180
                      Mismatch rate per base, % |	0.34%
                         Deletion rate per base |	0.01%
                        Deletion average length |	1.73
                        Insertion rate per base |	0.00%
                       Insertion average length |	1.19
                             MULTI-MAPPING READS:
        Number of reads mapped to multiple loci |	1321
             % of reads mapped to multiple loci |	0.08%
        Number of reads mapped to too many loci |	0
             % of reads mapped to too many loci |	0.00%
                                  UNMAPPED READS:
  Number of reads unmapped: too many mismatches |	0
       % of reads unmapped: too many mismatches |	0.00%
            Number of reads unmapped: too short |	949345
                 % of reads unmapped: too short |	56.73%
                Number of reads unmapped: other |	203488
                     % of reads unmapped: other |	12.16%
                                  CHIMERIC READS:
                       Number of chimeric reads |	0
                            % of chimeric reads |	0.00%
