                                 Started job on |	Jul 14 19:10:13
                             Started mapping on |	Jul 14 19:10:13
                                    Finished on |	Jul 14 19:11:26
       Mapping speed, Million of reads per hour |	74.53

                          Number of input reads |	1511291
                      Average input read length |	230
                                    UNIQUE READS:
                   Uniquely mapped reads number |	1111091
                        Uniquely mapped reads % |	73.52%
                          Average mapped length |	229.27
                       Number of splices: Total |	0
            Number of splices: Annotated (sjdb) |	0
                       Number of splices: GT/AG |	0
                       Number of splices: GC/AG |	0
                       Number of splices: AT/AC |	0
               Number of splices: Non-canonical |	0
                      Mismatch rate per base, % |	0.23%
                         Deletion rate per base |	0.02%
                        Deletion average length |	1.53
                        Insertion rate per base |	0.00%
                       Insertion average length |	1.08
                             MULTI-MAPPING READS:
        Number of reads mapped to multiple loci |	517
             % of reads mapped to multiple loci |	0.03%
        Number of reads mapped to too many loci |	0
             % of reads mapped to too many loci |	0.00%
                                  UNMAPPED READS:
  Number of reads unmapped: too many mismatches |	114438
       % of reads unmapped: too many mismatches |	7.57%
            Number of reads unmapped: too short |	162954
                 % of reads unmapped: too short |	10.78%
                Number of reads unmapped: other |	122291
                     % of reads unmapped: other |	8.09%
                                  CHIMERIC READS:
                       Number of chimeric reads |	0
                            % of chimeric reads |	0.00%
