                                 Started job on |	Jul 15 00:07:14
                             Started mapping on |	Jul 15 00:07:14
                                    Finished on |	Jul 15 00:46:43
       Mapping speed, Million of reads per hour |	2.03

                          Number of input reads |	1335534
                      Average input read length |	422
                                    UNIQUE READS:
                   Uniquely mapped reads number |	211489
                        Uniquely mapped reads % |	15.84%
                          Average mapped length |	431.09
                       Number of splices: Total |	17215
            Number of splices: Annotated (sjdb) |	0
                       Number of splices: GT/AG |	8461
                       Number of splices: GC/AG |	272
                       Number of splices: AT/AC |	22
               Number of splices: Non-canonical |	8460
                      Mismatch rate per base, % |	0.40%
                         Deletion rate per base |	0.03%
                        Deletion average length |	1.91
                        Insertion rate per base |	0.00%
                       Insertion average length |	1.11
                             MULTI-MAPPING READS:
        Number of reads mapped to multiple loci |	830
             % of reads mapped to multiple loci |	0.06%
        Number of reads mapped to too many loci |	0
             % of reads mapped to too many loci |	0.00%
                                  UNMAPPED READS:
  Number of reads unmapped: too many mismatches |	0
       % of reads unmapped: too many mismatches |	0.00%
            Number of reads unmapped: too short |	924180
                 % of reads unmapped: too short |	69.20%
                Number of reads unmapped: other |	199035
                     % of reads unmapped: other |	14.90%
                                  CHIMERIC READS:
                       Number of chimeric reads |	0
                            % of chimeric reads |	0.00%
