                                 Started job on |	Jul 14 22:06:35
                             Started mapping on |	Jul 14 22:06:35
                                    Finished on |	Jul 14 22:47:50
       Mapping speed, Million of reads per hour |	2.30

                          Number of input reads |	1582462
                      Average input read length |	420
                                    UNIQUE READS:
                   Uniquely mapped reads number |	404495
                        Uniquely mapped reads % |	25.56%
                          Average mapped length |	426.65
                       Number of splices: Total |	42502
            Number of splices: Annotated (sjdb) |	0
                       Number of splices: GT/AG |	19511
                       Number of splices: GC/AG |	1114
                       Number of splices: AT/AC |	5
               Number of splices: Non-canonical |	21872
                      Mismatch rate per base, % |	0.33%
                         Deletion rate per base |	0.05%
                        Deletion average length |	1.83
                        Insertion rate per base |	0.00%
                       Insertion average length |	1.12
                             MULTI-MAPPING READS:
        Number of reads mapped to multiple loci |	1449
             % of reads mapped to multiple loci |	0.09%
        Number of reads mapped to too many loci |	0
             % of reads mapped to too many loci |	0.00%
                                  UNMAPPED READS:
  Number of reads unmapped: too many mismatches |	0
       % of reads unmapped: too many mismatches |	0.00%
            Number of reads unmapped: too short |	945740
                 % of reads unmapped: too short |	59.76%
                Number of reads unmapped: other |	230778
                     % of reads unmapped: other |	14.58%
                                  CHIMERIC READS:
                       Number of chimeric reads |	0
                            % of chimeric reads |	0.00%
